<?xml version="1.0" encoding="UTF-8"?>
<!-- Generated by org.testng.reporters.JUnitReportReporter -->
<testsuite hostname="arpitab" failures="0" tests="2" name="testCases.TC_002_LoginTest" time="4.525" errors="0" timestamp="2025-09-26T18:41:46 CEST" skipped="0">
  <testcase classname="testCases.TC_002_LoginTest" name="verify_login" time="2.250"/>
  <testcase classname="testCases.TC_002_LoginTest" name="verify_login" time="2.275"/>
</testsuite> <!-- testCases.TC_002_LoginTest -->
