<?xml version="1.0" encoding="UTF-8"?>
<!-- Generated by org.testng.reporters.JUnitReportReporter -->
<testsuite hostname="arpitab" failures="0" tests="2" name="testCases.TC_001_AccountRegistrationTest" time="6.130" errors="0" timestamp="2025-09-26T18:41:46 CEST" skipped="0">
  <testcase classname="testCases.TC_001_AccountRegistrationTest" name="verify_account_registration" time="3.379"/>
  <testcase classname="testCases.TC_001_AccountRegistrationTest" name="verify_account_registration" time="2.751"/>
</testsuite> <!-- testCases.TC_001_AccountRegistrationTest -->
