<?xml version="1.0" encoding="UTF-8"?>
<!-- Generated by org.testng.reporters.JUnitReportReporter -->
<testsuite hostname="arpitab" failures="0" tests="1" name="testCases.TC_001_AccountRegistrationTest" time="2.702" errors="0" timestamp="2025-10-01T16:21:42 CEST" skipped="0">
  <testcase classname="testCases.TC_001_AccountRegistrationTest" name="verify_account_registration" time="2.702"/>
</testsuite> <!-- testCases.TC_001_AccountRegistrationTest -->
