<?xml version="1.0" encoding="UTF-8"?>
<!-- Generated by org.testng.reporters.JUnitReportReporter -->
<testsuite hostname="arpitab" failures="0" tests="3" name="testCases.TC001_AccountRegistrationTest" time="3.823" errors="0" timestamp="2025-09-10T17:10:05 CEST" skipped="0">
  <testcase classname="testCases.TC001_AccountRegistrationTest" name="verify_account_registration" time="1.486"/>
  <testcase classname="testCases.TC001_AccountRegistrationTest" name="verify_account_registration" time="1.550"/>
  <testcase classname="testCases.TC001_AccountRegistrationTest" name="verify_account_registration" time="0.787"/>
</testsuite> <!-- testCases.TC001_AccountRegistrationTest -->
