<?xml version="1.0" encoding="UTF-8"?>
<!-- Generated by org.testng.reporters.JUnitReportReporter -->
<testsuite hostname="arpitab" failures="0" tests="6" name="testCases.TC_003_LoginDDT" time="51.576" errors="0" timestamp="2025-09-13T14:37:37 CEST" skipped="0">
  <testcase classname="testCases.TC_003_LoginDDT" name="verify_loginDDT" time="3.363"/>
  <testcase classname="testCases.TC_003_LoginDDT" name="verify_loginDDT" time="11.108"/>
  <testcase classname="testCases.TC_003_LoginDDT" name="verify_loginDDT" time="2.786"/>
  <testcase classname="testCases.TC_003_LoginDDT" name="verify_loginDDT" time="11.638"/>
  <testcase classname="testCases.TC_003_LoginDDT" name="verify_loginDDT" time="11.017"/>
  <testcase classname="testCases.TC_003_LoginDDT" name="verify_loginDDT" time="11.664"/>
</testsuite> <!-- testCases.TC_003_LoginDDT -->
