<?xml version="1.0" encoding="UTF-8"?>
<!-- Generated by org.testng.reporters.JUnitReportReporter -->
<testsuite hostname="arpitab" failures="0" tests="1" name="testCases.TC_002_LoginTest" time="1.271" errors="0" timestamp="2025-09-23T12:47:39 CEST" skipped="0">
  <testcase classname="testCases.TC_002_LoginTest" name="verify_login" time="1.271"/>
</testsuite> <!-- testCases.TC_002_LoginTest -->
