<?xml version="1.0" encoding="UTF-8"?>
<!-- Generated by org.testng.reporters.JUnitReportReporter -->
<testsuite hostname="arpitab" failures="0" tests="1" name="testCases.TC_002_LoginTest" time="1.771" errors="0" timestamp="2025-09-25T22:34:08 CEST" skipped="0">
  <testcase classname="testCases.TC_002_LoginTest" name="verify_login" time="1.771"/>
</testsuite> <!-- testCases.TC_002_LoginTest -->
