<?xml version="1.0" encoding="UTF-8"?>
<!-- Generated by org.testng.reporters.JUnitReportReporter -->
<testsuite hostname="arpitab" failures="0" tests="1" name="testCases.TC_001_AccountRegistrationTest" time="3.245" errors="0" timestamp="2025-09-25T22:34:08 CEST" skipped="0">
  <testcase classname="testCases.TC_001_AccountRegistrationTest" name="verify_account_registration" time="3.245"/>
</testsuite> <!-- testCases.TC_001_AccountRegistrationTest -->
